#
# There is insufficient memory for the Java Runtime Environment to continue.
# Native memory allocation (mmap) failed to map 130023424 bytes for G1 virtual space
# Possible reasons:
#   The system is out of physical RAM or swap space
#   The process is running with CompressedOops enabled, and the Java Heap may be blocking the growth of the native heap
# Possible solutions:
#   Reduce memory load on the system
#   Increase physical memory or swap space
#   Check if swap backing store is full
#   Decrease Java heap size (-Xmx/-Xms)
#   Decrease number of Java threads
#   Decrease Java thread stack sizes (-Xss)
#   Set larger code cache with -XX:ReservedCodeCacheSize=
#   JVM is running with Unscaled Compressed Oops mode in which the Java heap is
#     placed in the first 4GB address space. The Java Heap base address is the
#     maximum limit for the native heap growth. Please use -XX:HeapBaseMinAddress
#     to set the Java Heap base and to place the Java Heap above 4GB virtual address.
# This output file may be truncated or incomplete.
#
#  Out of Memory Error (os_windows.cpp:3825), pid=7584, tid=15796
#
# JRE version:  (17.0.10) (build )
# Java VM: OpenJDK 64-Bit Server VM (17.0.10+0--11572160, mixed mode, sharing, tiered, compressed oops, compressed class ptrs, g1 gc, windows-amd64)
# No core dump will be written. Minidumps are not enabled by default on client versions of Windows
#

---------------  S U M M A R Y ------------

Command Line: org.jetbrains.kotlin.cli.jvm.K2JVMCompiler @D:\DailyTransac\app\build\20240604_13257664057317466942.compiler.options

Host: Intel(R) Core(TM) i5-4300M CPU @ 2.60GHz, 4 cores, 7G,  Windows 10 , 64 bit Build 19041 (10.0.19041.3636)
Time: Tue Jun  4 18:39:17 2024 India Standard Time elapsed time: 0.039246 seconds (0d 0h 0m 0s)

---------------  T H R E A D  ---------------

Current thread (0x000001d77783d450):  JavaThread "Unknown thread" [_thread_in_vm, id=15796, stack(0x00000073f3600000,0x00000073f3700000)]

Stack: [0x00000073f3600000,0x00000073f3700000]
Native frames: (J=compiled Java code, j=interpreted, Vv=VM code, C=native code)
V  [jvm.dll+0x688e89]
V  [jvm.dll+0x84247a]
V  [jvm.dll+0x8440be]
V  [jvm.dll+0x844723]
V  [jvm.dll+0x24be0f]
V  [jvm.dll+0x685c59]
V  [jvm.dll+0x67a50a]
V  [jvm.dll+0x30cbab]
V  [jvm.dll+0x314056]
V  [jvm.dll+0x363dce]
V  [jvm.dll+0x363fff]
V  [jvm.dll+0x2e2978]
V  [jvm.dll+0x2e38e4]
V  [jvm.dll+0x813011]
V  [jvm.dll+0x371c81]
V  [jvm.dll+0x7f1b66]
V  [jvm.dll+0x3f58df]
V  [jvm.dll+0x3f7511]
C  [jli.dll+0x528f]
C  [ucrtbase.dll+0x21bb2]
C  [KERNEL32.DLL+0x17344]
C  [ntdll.dll+0x526b1]


---------------  P R O C E S S  ---------------

Threads class SMR info:
_java_thread_list=0x00007ff89767ef58, length=0, elements={
}

Java Threads: ( => current thread )

Other Threads:
  0x000001d777893d20 GCTaskThread "GC Thread#0" [stack: 0x00000073f3700000,0x00000073f3800000] [id=1540]
  0x000001d7778a42b0 ConcurrentGCThread "G1 Main Marker" [stack: 0x00000073f3800000,0x00000073f3900000] [id=12324]
  0x000001d7778a4cd0 ConcurrentGCThread "G1 Conc#0" [stack: 0x00000073f3900000,0x00000073f3a00000] [id=10788]

[error occurred during error reporting (printing all threads), id 0xc0000005, EXCEPTION_ACCESS_VIOLATION (0xc0000005) at pc=0x00007ff896e33547]

VM state: not at safepoint (not fully initialized)

VM Mutex/Monitor currently owned by a thread:  ([mutex/lock_event])
[0x000001d777838000] Heap_lock - owner thread: 0x000001d77783d450

Heap address: 0x0000000084e00000, size: 1970 MB, Compressed Oops mode: 32-bit

CDS archive(s) mapped at: [0x0000000000000000-0x0000000000000000-0x0000000000000000), size 0, SharedBaseAddress: 0x0000000800000000, ArchiveRelocationMode: 1.
Narrow klass base: 0x0000000000000000, Narrow klass shift: 0, Narrow klass range: 0x0

GC Precious Log:
<Empty>

Heap:
 garbage-first heap   total 0K, used 0K [0x0000000084e00000, 0x0000000100000000)
  region size 1024K, 0 young (0K), 0 survivors (0K)
 Metaspace       used 0K, committed 0K, reserved 0K
  class space    used 0K, committed 0K, reserved 0K

Heap Regions: E=young(eden), S=young(survivor), O=old, HS=humongous(starts), HC=humongous(continues), CS=collection set, F=free, OA=open archive, CA=closed archive, TAMS=top-at-mark-start (previous, next)

Card table byte_map: [0x000001d77cef0000,0x000001d77d2d0000] _byte_map_base: 0x000001d77cac9000

Marking Bits (Prev, Next): (CMBitMap*) 0x000001d777894340, (CMBitMap*) 0x000001d777894380
 Prev Bits: [0x000001d77d6b0000, 0x000001d77f578000)
 Next Bits: [0x000001d70f000000, 0x000001d710ec8000)

GC Heap History (0 events):
No events

Dll operation events (1 events):
Event: 0.023 Loaded shared library C:\Program Files\Android\Android Studio1\jbr\bin\java.dll

Deoptimization events (0 events):
No events

Classes unloaded (0 events):
No events

Classes redefined (0 events):
No events

Internal exceptions (0 events):
No events

VM Operations (0 events):
No events

Events (0 events):
No events


Dynamic libraries:
0x00007ff6c0580000 - 0x00007ff6c058a000 	C:\Program Files\Android\Android Studio1\jbr\bin\java.exe
0x00007ff8e1450000 - 0x00007ff8e1648000 	C:\Windows\SYSTEM32\ntdll.dll
0x00007ff8dfd80000 - 0x00007ff8dfe3d000 	C:\Windows\System32\KERNEL32.DLL
0x00007ff8df020000 - 0x00007ff8df316000 	C:\Windows\System32\KERNELBASE.dll
0x00007ff8db580000 - 0x00007ff8db610000 	C:\Windows\SYSTEM32\apphelp.dll
0x00007ff8decc0000 - 0x00007ff8dedc0000 	C:\Windows\System32\ucrtbase.dll
0x00007ff8c9c10000 - 0x00007ff8c9c27000 	C:\Program Files\Android\Android Studio1\jbr\bin\jli.dll
0x00007ff8df890000 - 0x00007ff8dfa2f000 	C:\Windows\System32\USER32.dll
0x00007ff8dedc0000 - 0x00007ff8dede2000 	C:\Windows\System32\win32u.dll
0x00007ff8e0c70000 - 0x00007ff8e0c9b000 	C:\Windows\System32\GDI32.dll
0x00007ff8deba0000 - 0x00007ff8decb7000 	C:\Windows\System32\gdi32full.dll
0x00007ff8deb00000 - 0x00007ff8deb9d000 	C:\Windows\System32\msvcp_win.dll
0x00007ff8d91b0000 - 0x00007ff8d91cb000 	C:\Program Files\Android\Android Studio1\jbr\bin\VCRUNTIME140.dll
0x00007ff8ce9a0000 - 0x00007ff8cec3a000 	C:\Windows\WinSxS\amd64_microsoft.windows.common-controls_6595b64144ccf1df_6.0.19041.4355_none_60b8b9eb71f62e16\COMCTL32.dll
0x00007ff8e08d0000 - 0x00007ff8e096e000 	C:\Windows\System32\msvcrt.dll
0x00007ff8e0710000 - 0x00007ff8e0742000 	C:\Windows\System32\IMM32.DLL
0x00007ff8db4d0000 - 0x00007ff8db4dc000 	C:\Program Files\Android\Android Studio1\jbr\bin\vcruntime140_1.dll
0x00007ff8bde10000 - 0x00007ff8bde9d000 	C:\Program Files\Android\Android Studio1\jbr\bin\msvcp140.dll
0x00007ff896b40000 - 0x00007ff8977c3000 	C:\Program Files\Android\Android Studio1\jbr\bin\server\jvm.dll
0x00007ff8e0980000 - 0x00007ff8e0a30000 	C:\Windows\System32\ADVAPI32.dll
0x00007ff8e0ab0000 - 0x00007ff8e0b50000 	C:\Windows\System32\sechost.dll
0x00007ff8dfc50000 - 0x00007ff8dfd73000 	C:\Windows\System32\RPCRT4.dll
0x00007ff8dedf0000 - 0x00007ff8dee17000 	C:\Windows\System32\bcrypt.dll
0x00007ff8de040000 - 0x00007ff8de08b000 	C:\Windows\SYSTEM32\POWRPROF.dll
0x00007ff8daaf0000 - 0x00007ff8daaf9000 	C:\Windows\SYSTEM32\WSOCK32.dll
0x00007ff8e06a0000 - 0x00007ff8e070b000 	C:\Windows\System32\WS2_32.dll
0x00007ff8d1590000 - 0x00007ff8d15b7000 	C:\Windows\SYSTEM32\WINMM.dll
0x00007ff8d4a20000 - 0x00007ff8d4a2a000 	C:\Windows\SYSTEM32\VERSION.dll
0x00007ff8ddeb0000 - 0x00007ff8ddec2000 	C:\Windows\SYSTEM32\UMPDC.dll
0x00007ff8dc940000 - 0x00007ff8dc952000 	C:\Windows\SYSTEM32\kernel.appcore.dll
0x00007ff8d4780000 - 0x00007ff8d478a000 	C:\Program Files\Android\Android Studio1\jbr\bin\jimage.dll
0x00007ff8d5850000 - 0x00007ff8d5a34000 	C:\Windows\SYSTEM32\DBGHELP.DLL
0x00007ff8d5670000 - 0x00007ff8d56a4000 	C:\Windows\SYSTEM32\dbgcore.DLL
0x00007ff8def20000 - 0x00007ff8defa2000 	C:\Windows\System32\bcryptPrimitives.dll
0x00007ff8cb8d0000 - 0x00007ff8cb8f5000 	C:\Program Files\Android\Android Studio1\jbr\bin\java.dll

dbghelp: loaded successfully - version: 4.0.5 - missing functions: none
symbol engine: initialized successfully - sym options: 0x614 - pdb path: .;C:\Program Files\Android\Android Studio1\jbr\bin;C:\Windows\SYSTEM32;C:\Windows\WinSxS\amd64_microsoft.windows.common-controls_6595b64144ccf1df_6.0.19041.4355_none_60b8b9eb71f62e16;C:\Program Files\Android\Android Studio1\jbr\bin\server

VM Arguments:
java_command: org.jetbrains.kotlin.cli.jvm.K2JVMCompiler @D:\DailyTransac\app\build\20240604_13257664057317466942.compiler.options
java_class_path (initial): C:\Users\admin\.gradle\caches\modules-2\files-2.1\org.jetbrains.kotlin\kotlin-compiler-embeddable\1.9.0\2c8c3a7402becca891f12739b3e9fd2dc2adbd7a\kotlin-compiler-embeddable-1.9.0.jar;C:\Users\admin\.gradle\caches\modules-2\files-2.1\org.jetbrains.kotlin\kotlin-stdlib\1.9.0\8ee15ef0c67dc83d874f412d84378d7f0eb50b63\kotlin-stdlib-1.9.0.jar;C:\Users\admin\.gradle\caches\modules-2\files-2.1\org.jetbrains.kotlin\kotlin-script-runtime\1.9.0\4b3102cbbb7e1b58d9d1adf89563f00069ffa7d1\kotlin-script-runtime-1.9.0.jar;C:\Users\admin\.gradle\caches\modules-2\files-2.1\org.jetbrains.kotlin\kotlin-reflect\1.6.10\1cbe9c92c12a94eea200d23c2bbaedaf3daf5132\kotlin-reflect-1.6.10.jar;C:\Users\admin\.gradle\caches\modules-2\files-2.1\org.jetbrains.kotlin\kotlin-daemon-embeddable\1.9.0\186543f5e28cf8d9a0290fecc2cf34301c40a65c\kotlin-daemon-embeddable-1.9.0.jar;C:\Users\admin\.gradle\caches\modules-2\files-2.1\org.jetbrains.intellij.deps\trove4j\1.0.20200330\3afb14d5f9ceb459d724e907a21145e8ff394f02\trove4j-1.0.20200330.jar;C:\Users\admin\.gradle\caches\modules-2\files-2.1\org.jetbrains.kotlin\kotlin-stdlib-common\1.9.0\cd65c21cfd1eec4d44ef09f9f52b6d9f8a720636\kotlin-stdlib-common-1.9.0.jar;C:\Users\admin\.gradle\caches\modules-2\files-2.1\org.jetbrains\annotations\13.0\919f0dfe192fb4e063e7dacadee7f8bb9a2672a9\annotations-13.0.jar
Launcher Type: SUN_STANDARD

[Global flags]
     intx CICompilerCount                          = 3                                         {product} {ergonomic}
     uint ConcGCThreads                            = 1                                         {product} {ergonomic}
     uint G1ConcRefinementThreads                  = 4                                         {product} {ergonomic}
   size_t G1HeapRegionSize                         = 1048576                                   {product} {ergonomic}
    uintx GCDrainStackTargetSize                   = 64                                        {product} {ergonomic}
   size_t InitialHeapSize                          = 130023424                                 {product} {ergonomic}
   size_t MarkStackSize                            = 4194304                                   {product} {ergonomic}
   size_t MaxHeapSize                              = 2065694720                                {product} {ergonomic}
   size_t MinHeapDeltaBytes                        = 1048576                                   {product} {ergonomic}
   size_t MinHeapSize                              = 8388608                                   {product} {ergonomic}
    uintx NonNMethodCodeHeapSize                   = 5832780                                {pd product} {ergonomic}
    uintx NonProfiledCodeHeapSize                  = 122912730                              {pd product} {ergonomic}
    uintx ProfiledCodeHeapSize                     = 122912730                              {pd product} {ergonomic}
    uintx ReservedCodeCacheSize                    = 251658240                              {pd product} {ergonomic}
     bool SegmentedCodeCache                       = true                                      {product} {ergonomic}
   size_t SoftMaxHeapSize                          = 2065694720                             {manageable} {ergonomic}
     bool UseCompressedClassPointers               = true                           {product lp64_product} {ergonomic}
     bool UseCompressedOops                        = true                           {product lp64_product} {ergonomic}
     bool UseG1GC                                  = true                                      {product} {ergonomic}
     bool UseLargePagesIndividualAllocation        = false                                  {pd product} {ergonomic}

Logging:
Log output configuration:
 #0: stdout all=warning uptime,level,tags
 #1: stderr all=off uptime,level,tags

Environment Variables:
PATH=C:\Program Files (x86)\Microsoft\Edge\Application;C:\Program Files\Common Files\Oracle\Java\javapath;C:\Windows\system32;C:\Windows;C:\Windows\System32\Wbem;C:\Windows\System32\WindowsPowerShell\v1.0\;C:\Windows\System32\OpenSSH\;C:\MinGW\bin;C:\Program Files\Git\cmd;C:\Program Files (x86)\dotnet-core-uninstall\;C:\Program Files\Microsoft VS Code\bin;C:\Program Files\Java\jdk-22\bin
USERNAME=admin
OS=Windows_NT
PROCESSOR_IDENTIFIER=Intel64 Family 6 Model 60 Stepping 3, GenuineIntel
TMP=C:\Users\admin\AppData\Local\Temp
TEMP=C:\Users\admin\AppData\Local\Temp



Periodic native trim disabled

JNI global refs:
JNI global refs: 0, weak refs: 0

JNI global refs memory usage: 0, weak refs: 0

OOME stack traces (most recent first):
Classloader memory used:


---------------  S Y S T E M  ---------------

OS:
 Windows 10 , 64 bit Build 19041 (10.0.19041.3636)
OS uptime: 17 days 11:43 hours
Hyper-V role detected

CPU: total 4 (initial active 4) (2 cores per cpu, 2 threads per core) family 6 model 60 stepping 3 microcode 0x27, cx8, cmov, fxsr, ht, mmx, sse, sse2, sse3, ssse3, sse4.1, sse4.2, popcnt, lzcnt, tsc, tscinvbit, avx, avx2, aes, erms, clmul, bmi1, bmi2, fma, vzeroupper, clflush, hv
Processor Information for all 4 processors :
  Max Mhz: 2601, Current Mhz: 2601, Mhz Limit: 2601

Memory: 4k page, system-wide physical 7879M (510M free)
TotalPageFile size 9522M (AvailPageFile size 3M)
current process WorkingSet (physical memory assigned to process): 11M, peak: 11M
current process commit charge ("private bytes"): 52M, peak: 175M

vm_info: OpenJDK 64-Bit Server VM (17.0.10+0--11572160) for windows-amd64 JRE (17.0.10+0--11572160), built on Mar 13 2024 23:56:38 by "androidbuild" with MS VC++ 16.10 / 16.11 (VS2019)

END.
